\BOOKMARK [1][-]{section.1}{\376\377\000T\000e\000m\000p\000l\000a\000t\000e}{}% 1
\BOOKMARK [1][-]{section.2}{\376\377\000D\000a\000t\000a\000\040\000s\000t\000r\000u\000c\000t\000u\000r\000e\000s}{}% 2
\BOOKMARK [2][-]{subsection.2.1}{\376\377\000S\000e\000g\000m\000e\000n\000t\000\040\000T\000r\000e\000e}{section.2}% 3
\BOOKMARK [2][-]{subsection.2.2}{\376\377\000M\000e\000r\000g\000e\000\040\000S\000o\000r\000t\000\040\000T\000r\000e\000e}{section.2}% 4
\BOOKMARK [2][-]{subsection.2.3}{\376\377\000F\000e\000n\000w\000i\000c\000k\000\040\000T\000r\000e\000e}{section.2}% 5
\BOOKMARK [2][-]{subsection.2.4}{\376\377\000S\000p\000a\000r\000s\000e\000\040\000T\000a\000b\000l\000e}{section.2}% 6
\BOOKMARK [2][-]{subsection.2.5}{\376\377\000D\000i\000s\000j\000o\000i\000n\000t\000\040\000S\000e\000t\000\040\000U\000n\000i\000o\000n}{section.2}% 7
\BOOKMARK [2][-]{subsection.2.6}{\376\377\000L\000a\000z\000y\000\040\000S\000e\000g\000T\000r\000e\000e}{section.2}% 8
\BOOKMARK [3][-]{subsubsection.2.6.1}{\376\377\000M\000i\000n\000/\000M\000a\000x\000\040\000R\000a\000n\000g\000e\000\040\000/\000\040\000S\000i\000n\000g\000l\000e\000\040\000A\000c\000c\000e\000s\000\040\000E\000l\000e\000m\000e\000n\000t}{subsection.2.6}% 9
\BOOKMARK [1][-]{section.3}{\376\377\000G\000r\000a\000p\000h\000s}{}% 10
\BOOKMARK [2][-]{subsection.3.1}{\376\377\000D\000F\000S}{section.3}% 11
\BOOKMARK [2][-]{subsection.3.2}{\376\377\000B\000F\000S}{section.3}% 12
\BOOKMARK [2][-]{subsection.3.3}{\376\377\000T\000o\000p\000o\000l\000o\000g\000i\000c\000a\000l\000\040\000S\000o\000r\000t}{section.3}% 13
\BOOKMARK [2][-]{subsection.3.4}{\376\377\000F\000l\000o\000o\000d\000\040\000F\000i\000l\000l}{section.3}% 14
\BOOKMARK [2][-]{subsection.3.5}{\376\377\000M\000S\000T}{section.3}% 15
\BOOKMARK [3][-]{subsubsection.3.5.1}{\376\377\000K\000r\000u\000s\000k\000a\000l}{subsection.3.5}% 16
\BOOKMARK [3][-]{subsubsection.3.5.2}{\376\377\000P\000r\000i\000m\000s}{subsection.3.5}% 17
\BOOKMARK [2][-]{subsection.3.6}{\376\377\000D\000i\000j\000k\000s\000t\000r\000a}{section.3}% 18
\BOOKMARK [3][-]{subsubsection.3.6.1}{\376\377\000I\000m\000p\000l\000e\000m\000e\000n\000t\000a\000t\000i\000o\000n}{subsection.3.6}% 19
\BOOKMARK [3][-]{subsubsection.3.6.2}{\376\377\000S\000p\000a\000c\000e\000-\000S\000t\000a\000t\000e\000\040\000g\000r\000a\000p\000h}{subsection.3.6}% 20
\BOOKMARK [2][-]{subsection.3.7}{\376\377\000B\000e\000l\000l\000m\000a\000n\000-\000F\000o\000r\000d}{section.3}% 21
\BOOKMARK [3][-]{subsubsection.3.7.1}{\376\377\000P\000a\000t\000h}{subsection.3.7}% 22
\BOOKMARK [3][-]{subsubsection.3.7.2}{\376\377\000C\000y\000c\000l\000e}{subsection.3.7}% 23
\BOOKMARK [2][-]{subsection.3.8}{\376\377\000F\000l\000o\000y\000d\000-\000W\000a\000r\000s\000h\000a\000l\000l}{section.3}% 24
\BOOKMARK [2][-]{subsection.3.9}{\376\377\000S\000C\000C\000\040\000K\000o\000s\000a\000r\000a\000j\000u}{section.3}% 25
\BOOKMARK [2][-]{subsection.3.10}{\376\377\000F\000l\000o\000w\000s}{section.3}% 26
\BOOKMARK [3][-]{subsubsection.3.10.1}{\376\377\000D\000i\000n\000i\000c}{subsection.3.10}% 27
\BOOKMARK [2][-]{subsection.3.11}{\376\377\0002\000-\000S\000A\000T}{section.3}% 28
\BOOKMARK [2][-]{subsection.3.12}{\376\377\000E\000u\000l\000e\000r\000\040\000P\000a\000t\000h\000s\000\040\000a\000n\000d\000\040\000c\000y\000c\000l\000e\000s}{section.3}% 29
\BOOKMARK [3][-]{subsubsection.3.12.1}{\376\377\000D\000i\000r\000e\000c\000t\000e\000d\000\040\000G\000r\000a\000p\000h\000s}{subsection.3.12}% 30
\BOOKMARK [3][-]{subsubsection.3.12.2}{\376\377\000U\000n\000i\000r\000e\000c\000t\000e\000d\000\040\000G\000r\000a\000p\000h\000s}{subsection.3.12}% 31
\BOOKMARK [1][-]{section.4}{\376\377\000T\000r\000e\000e\000s}{}% 32
\BOOKMARK [2][-]{subsection.4.1}{\376\377\000L\000C\000A\000\040\000-\000\040\000B\000i\000n\000a\000r\000y\000\040\000L\000i\000f\000t\000i\000n\000g}{section.4}% 33
\BOOKMARK [3][-]{subsubsection.4.1.1}{\376\377\000N\000o\000r\000m\000a\000l\000\040\000L\000C\000A}{subsection.4.1}% 34
\BOOKMARK [3][-]{subsubsection.4.1.2}{\376\377\000M\000i\000n\000/\000M\000a\000x\000\040\000w\000e\000i\000g\000h\000t\000\040\000o\000n\000\040\000t\000h\000e\000\040\000p\000a\000t\000h}{subsection.4.1}% 35
\BOOKMARK [2][-]{subsection.4.2}{\376\377\000C\000e\000n\000t\000r\000o\000i\000d\000\040\000D\000e\000c\000o\000m\000p\000o\000s\000i\000t\000i\000o\000n}{section.4}% 36
\BOOKMARK [2][-]{subsection.4.3}{\376\377\000E\000u\000l\000e\000r\000\040\000T\000o\000u\000r\000\040\000T\000e\000c\000h\000n\000i\000q\000u\000e}{section.4}% 37
\BOOKMARK [2][-]{subsection.4.4}{\376\377\000T\000r\000e\000e\000\040\000M\000a\000t\000c\000h\000i\000n\000g}{section.4}% 38
\BOOKMARK [2][-]{subsection.4.5}{\376\377\000D\000i\000a\000m\000e\000t\000e\000r}{section.4}% 39
\BOOKMARK [2][-]{subsection.4.6}{\376\377\000H\000e\000a\000v\000y\000\040\000L\000i\000g\000h\000t\000\040\000D\000e\000c\000o\000m\000p\000o\000s\000i\000t\000i\000o\000n}{section.4}% 40
\BOOKMARK [1][-]{section.5}{\376\377\000M\000a\000t\000h}{}% 41
\BOOKMARK [2][-]{subsection.5.1}{\376\377\000I\000d\000e\000n\000t\000i\000t\000i\000e\000s}{section.5}% 42
\BOOKMARK [3][-]{subsubsection.5.1.1}{\376\377\000C\000o\000m\000b\000i}{subsection.5.1}% 43
\BOOKMARK [3][-]{subsubsection.5.1.2}{\376\377\000X\000O\000R}{subsection.5.1}% 44
\BOOKMARK [2][-]{subsection.5.2}{\376\377\000T\000h\000e\000o\000r\000e\000m\000s}{section.5}% 45
\BOOKMARK [1][-]{section.6}{\376\377\000S\000t\000r\000i\000n\000g\000s}{}% 46
\BOOKMARK [2][-]{subsection.6.1}{\376\377\000S\000u\000f\000f\000i\000x\000\040\000A\000r\000r\000a\000y}{section.6}% 47
\BOOKMARK [1][-]{section.7}{\376\377\000O\000t\000h\000e\000r\000s}{}% 48
\BOOKMARK [2][-]{subsection.7.1}{\376\377\000B\000i\000n\000p\000o\000w}{section.7}% 49
\BOOKMARK [2][-]{subsection.7.2}{\376\377\000M\000a\000t\000r\000i\000x\000\040\000e\000x\000p\000o\000n\000e\000n\000t\000i\000a\000t\000i\000o\000n}{section.7}% 50
